Run started on Tue Feb 28 23:29:08 2023

Hostname: linux12-wc.cs.ucalgary.ca

-------------------------------------------------------------------------------
Running make |
--------------

% /usr/bin/make

STDOUT:
g++ -Wall -c main.cpp
g++ -Wall -c scanner.cpp
g++ -Wall -c token.cpp
g++ -Wall -c logger.cpp
g++ -Wall -c parser.cpp
g++ -Wall -c ast.cpp
g++ -Wall main.o scanner.o logger.o token.o parser.o ast.o -o golf


STDERR:


RETURN CODE: 0

-------------------------------------------------------------------------------
Locating GoLF compiler |
------------------------

Compiler will be run as ./golf

-------------------------------------------------------------------------------
Test: too few arguments |
-------------------------

% ./golf

STDOUT:


STDERR:
Error: Need to specify 1 command-line arg for input file


RETURN CODE: 1

-------------------------------------------------------------------------------
Test: too many arguments |
--------------------------

% ./golf /dev/null /dev/zero

STDOUT:


STDERR:
Error: Too many command-line args (need 1 for input file)


RETURN CODE: 1

-------------------------------------------------------------------------------
Test: nonexistent file |
------------------------

% ./golf /i/do/not/exist

STDOUT:


STDERR:
Error: Could not find or open specified file


RETURN CODE: 1

-------------------------------------------------------------------------------
Test: func open brace in wrong place |
--------------------------------------

% ./golf /home/profs/aycock/411/TEST/ms2/parse.t1

STDOUT:


STDERR:
Error: Unexpected newline, at or near line 3


RETURN CODE: 1

-------------------------------------------------------------------------------
Test: "for" open brace exception |
----------------------------------

% ./golf /home/profs/aycock/411/TEST/ms2/parse.t2

STDOUT:
program
	func
		newid [main] @ line 4
		signature
			formals
			typeid [void]
		block
			for
			block
				emptystmt


STDERR:


RETURN CODE: 0

-------------------------------------------------------------------------------
Test: "for" open brace in wrong place |
---------------------------------------

% ./golf /home/profs/aycock/411/TEST/ms2/parse.t3

STDOUT:
program
	func
		newid [main] @ line 3
		signature
			formals
			typeid [void]
		block
			for
			expr
			emptystmt
			block
				emptystmt


STDERR:


RETURN CODE: 0

-------------------------------------------------------------------------------
Test: "if" open brace in wrong place |
--------------------------------------

% ./golf /home/profs/aycock/411/TEST/ms2/parse.t4

STDOUT:
program
	func
		newid [main] @ line 3
		signature
			formals
			typeid [void]
		block
			if
			expr
			emptystmt
			block
				emptystmt


STDERR:


RETURN CODE: 0

-------------------------------------------------------------------------------
Test: weird but correct formatting |
------------------------------------

% ./golf /home/profs/aycock/411/TEST/ms2/parse.t5

STDOUT:


STDERR:
Error: Missing closing bracket, at or near line 5


RETURN CODE: 1

-------------------------------------------------------------------------------
Test: precedence check |
------------------------

% ./golf /home/profs/aycock/411/TEST/ms2/parse.t6

STDOUT:


STDERR:
Error: Missing closing bracket, at or near line 5


RETURN CODE: 1

-------------------------------------------------------------------------------
Test: formal and actual params |
--------------------------------

% ./golf /home/profs/aycock/411/TEST/ms2/parse.t7

STDOUT:


STDERR:
Error: Missing closing bracket, at or near line 10


RETURN CODE: 1

-------------------------------------------------------------------------------
Test: unary and binary minus |
------------------------------

% ./golf /home/profs/aycock/411/TEST/ms2/parse.t8

STDOUT:


STDERR:
Error: Missing closing bracket, at or near line 4


RETURN CODE: 1

-------------------------------------------------------------------------------
Test: func open brace in wrong place, with semicolon |
------------------------------------------------------

% ./golf /home/profs/aycock/411/TEST/ms2/parse.t9

STDOUT:


STDERR:
Error: Unexpected newline, at or near line 4


RETURN CODE: 1

-------------------------------------------------------------------------------
Test: func open brace with bonus semicolon |
--------------------------------------------

% ./golf /home/profs/aycock/411/TEST/ms2/parse.t10

STDOUT:


STDERR:
Error: Unexpected newline, at or near line 4


RETURN CODE: 1

-------------------------------------------------------------------------------
Test: "for" open brace in wrong place, with semicolon |
-------------------------------------------------------

% ./golf /home/profs/aycock/411/TEST/ms2/parse.t11

STDOUT:
program
	func
		newid [main] @ line 4
		signature
			formals
			typeid [void]
		block
			for
			expr
			emptystmt
			block
				emptystmt


STDERR:


RETURN CODE: 0

-------------------------------------------------------------------------------
Test: "for" with bonus semicolon |
----------------------------------

% ./golf /home/profs/aycock/411/TEST/ms2/parse.t12

STDOUT:
program
	func
		newid [main] @ line 4
		signature
			formals
			typeid [void]
		block
			for
			expr
			emptystmt
			block
				emptystmt


STDERR:


RETURN CODE: 0

-------------------------------------------------------------------------------
Test: "if" open brace in wrong place, with semicolon |
------------------------------------------------------

% ./golf /home/profs/aycock/411/TEST/ms2/parse.t13

STDOUT:
program
	func
		newid [main] @ line 4
		signature
			formals
			typeid [void]
		block
			if
			expr
			emptystmt
			block
				emptystmt


STDERR:


RETURN CODE: 0

-------------------------------------------------------------------------------
Test: "if" with bonus semicolon |
---------------------------------

% ./golf /home/profs/aycock/411/TEST/ms2/parse.t14

STDOUT:
program
	func
		newid [main] @ line 4
		signature
			formals
			typeid [void]
		block
			if
			expr
			emptystmt
			block
				emptystmt


STDERR:


RETURN CODE: 0

-------------------------------------------------------------------------------
Test: func line breaks using trailing commas |
----------------------------------------------

% ./golf /home/profs/aycock/411/TEST/ms2/parse.t15

STDOUT:
program
	func
		newid [foo] @ line 3
		signature
			formals
				formal
					newid [a] @ line 3
					typeid [int] @ line 3
				formal
					newid [b] @ line 4
					typeid [int] @ line 4
				formal
					newid [c] @ line 5
					typeid [int] @ line 5
			typeid [void]
		block
			emptystmt


STDERR:


RETURN CODE: 0

-------------------------------------------------------------------------------
Test: func line breaks sans trailing comma |
--------------------------------------------

% ./golf /home/profs/aycock/411/TEST/ms2/parse.t16

STDOUT:
program
	func
		newid [foo] @ line 4
		signature
			formals
				formal
					newid [a] @ line 4
					typeid [int] @ line 4
				formal
					newid [b] @ line 5
					typeid [int] @ line 5
				formal
					newid [c] @ line 6
					typeid [int] @ line 6
			typeid [void]
		block
			emptystmt


STDERR:


RETURN CODE: 0

-------------------------------------------------------------------------------
Test: func call line breaks with trailing commas |
--------------------------------------------------

% ./golf /home/profs/aycock/411/TEST/ms2/parse.t17

STDOUT:


STDERR:
Error: Missing closing bracket, at or near line 4


RETURN CODE: 1

-------------------------------------------------------------------------------
Test: func call line breaks sans trailing comma |
-------------------------------------------------

% ./golf /home/profs/aycock/411/TEST/ms2/parse.t18

STDOUT:


STDERR:
Error: Missing closing bracket, at or near line 5


RETURN CODE: 1

-------------------------------------------------------------------------------
Test: legit syntax salad |
--------------------------

% ./golf /home/profs/aycock/411/TEST/ms2/parse.t19

STDOUT:


STDERR:
Error: Missing closing bracket, at or near line 6


RETURN CODE: 1

-------------------------------------------------------------------------------
Test: assignment |
------------------

% ./golf /home/profs/aycock/411/TEST/ms2/parse.t20

STDOUT:


STDERR:
Error: Missing closing bracket, at or near line 7


RETURN CODE: 1

-------------------------------------------------------------------------------
Test: associativity test |
--------------------------

% ./golf /home/profs/aycock/411/TEST/ms2/parse.t21

STDOUT:


STDERR:
Error: Missing closing bracket, at or near line 10


RETURN CODE: 1

-------------------------------------------------------------------------------
Test: a calculated move |
-------------------------

% ./golf /home/profs/aycock/411/TEST/ms2/gen.t18

STDOUT:


STDERR:
Error: Missing closing bracket, at or near line 6


RETURN CODE: 1

Run ended on Tue Feb 28 23:29:11 2023

